#
# There is insufficient memory for the Java Runtime Environment to continue.
# Native memory allocation (mmap) failed to map 175636480 bytes for committing reserved memory.
# Possible reasons:
#   The system is out of physical RAM or swap space
#   The process is running with CompressedOops enabled, and the Java Heap may be blocking the growth of the native heap
# Possible solutions:
#   Reduce memory load on the system
#   Increase physical memory or swap space
#   Check if swap backing store is full
#   Decrease Java heap size (-Xmx/-Xms)
#   Decrease number of Java threads
#   Decrease Java thread stack sizes (-Xss)
#   Set larger code cache with -XX:ReservedCodeCacheSize=
#   JVM is running with Zero Based Compressed Oops mode in which the Java heap is
#     placed in the first 32GB address space. The Java Heap base address is the
#     maximum limit for the native heap growth. Please use -XX:HeapBaseMinAddress
#     to set the Java Heap base and to place the Java Heap above 32GB virtual address.
# This output file may be truncated or incomplete.
#
#  Out of Memory Error (os_linux.cpp:2757), pid=31425, tid=0x00007fbe69cd9700
#
# JRE version: OpenJDK Runtime Environment (8.0_222-b10) (build 1.8.0_222-8u222-b10-1ubuntu1~18.04.1-b10)
# Java VM: OpenJDK 64-Bit Server VM (25.222-b10 mixed mode linux-amd64 compressed oops)
# Failed to write core dump. Core dumps have been disabled. To enable core dumping, try "ulimit -c unlimited" before starting Java again
#

---------------  T H R E A D  ---------------

Current thread (0x00007fbe9c1c8800):  VMThread [stack: 0x00007fbe69bda000,0x00007fbe69cda000] [id=31439]

Stack: [0x00007fbe69bda000,0x00007fbe69cda000],  sp=0x00007fbe69cd84a0,  free space=1017k
Native frames: (J=compiled Java code, j=interpreted, Vv=VM code, C=native code)
V  [libjvm.so+0xab8992]
V  [libjvm.so+0x4dbfd7]
V  [libjvm.so+0x8f33a0]
V  [libjvm.so+0x8ea46e]
V  [libjvm.so+0x96e106]
V  [libjvm.so+0x96f478]
V  [libjvm.so+0x96ba76]
V  [libjvm.so+0x96be0c]
V  [libjvm.so+0x91a5a8]
V  [libjvm.so+0xaba662]
V  [libjvm.so+0xabf1d6]
V  [libjvm.so+0xabd4d5]
V  [libjvm.so+0xabddad]
V  [libjvm.so+0xabe1b8]
V  [libjvm.so+0x8f0732]

VM_Operation (0x00007fbea63ab6e0): ParallelGCFailedAllocation, mode: safepoint, requested by thread 0x00007fbe9c00b000


---------------  P R O C E S S  ---------------

Java Threads: ( => current thread )
  0x00007fbe2817d000 JavaThread "RMI TCP Accept-0" daemon [_thread_in_native, id=31489, stack(0x00007fbe32e0d000,0x00007fbe32f0e000)]
  0x00007fbe58001000 JavaThread "Attach Listener" daemon [_thread_blocked, id=31468, stack(0x00007fbe6809c000,0x00007fbe6819d000)]
  0x00007fbe38069800 JavaThread "process reaper" daemon [_thread_blocked, id=31454, stack(0x00007fbe681c8000,0x00007fbe68201000)]
  0x00007fbe9c346000 JavaThread "surefire-forkedjvm-ping-30s" daemon [_thread_blocked, id=31450, stack(0x00007fbe684f5000,0x00007fbe685f6000)]
  0x00007fbe9c32f800 JavaThread "surefire-forkedjvm-command-thread" daemon [_thread_in_native, id=31449, stack(0x00007fbe68800000,0x00007fbe68901000)]
  0x00007fbe9c21a000 JavaThread "Service Thread" daemon [_thread_blocked, id=31447, stack(0x00007fbe68a02000,0x00007fbe68b03000)]
  0x00007fbe9c20f000 JavaThread "C1 CompilerThread3" daemon [_thread_blocked, id=31446, stack(0x00007fbe68b04000,0x00007fbe68c04000)]
  0x00007fbe9c20d000 JavaThread "C2 CompilerThread2" daemon [_thread_blocked, id=31445, stack(0x00007fbe68c05000,0x00007fbe68d05000)]
  0x00007fbe9c20b000 JavaThread "C2 CompilerThread1" daemon [_thread_blocked, id=31444, stack(0x00007fbe68d06000,0x00007fbe68e06000)]
  0x00007fbe9c208000 JavaThread "C2 CompilerThread0" daemon [_thread_blocked, id=31443, stack(0x00007fbe68e07000,0x00007fbe68f07000)]
  0x00007fbe9c206800 JavaThread "Signal Dispatcher" daemon [_thread_blocked, id=31442, stack(0x00007fbe68f07000,0x00007fbe69008000)]
  0x00007fbe9c1d4800 JavaThread "Finalizer" daemon [_thread_blocked, id=31441, stack(0x00007fbe699d7000,0x00007fbe69ad8000)]
  0x00007fbe9c1d2000 JavaThread "Reference Handler" daemon [_thread_blocked, id=31440, stack(0x00007fbe69ad8000,0x00007fbe69bd9000)]
  0x00007fbe9c00b000 JavaThread "main" [_thread_blocked, id=31430, stack(0x00007fbea62b0000,0x00007fbea63b0000)]

Other Threads:
=>0x00007fbe9c1c8800 VMThread [stack: 0x00007fbe69bda000,0x00007fbe69cda000] [id=31439]
  0x00007fbe9c21c800 WatcherThread [stack: 0x00007fbe68902000,0x00007fbe68a02000] [id=31448]

VM state:at safepoint (normal execution)

VM Mutex/Monitor currently owned by a thread:  ([mutex/lock_event])
[0x00007fbe9c007ae0] Threads_lock - owner thread: 0x00007fbe9c1c8800
[0x00007fbe9c007fe0] Heap_lock - owner thread: 0x00007fbe9c00b000

heap address: 0x0000000705c00000, size: 2980 MB, Compressed Oops mode: Zero based, Oop shift amount: 3
Narrow klass base: 0x0000000000000000, Narrow klass shift: 3
Compressed class space size: 1073741824 Address: 0x00000007c0000000

Heap:
 PSYoungGen      total 202240K, used 7660K [0x0000000781f00000, 0x000000078ec00000, 0x00000007c0000000)
  eden space 194560K, 0% used [0x0000000781f00000,0x0000000781f00000,0x000000078dd00000)
  from space 7680K, 99% used [0x000000078dd00000,0x000000078e47b298,0x000000078e480000)
  to   space 7680K, 0% used [0x000000078e480000,0x000000078e480000,0x000000078ec00000)
 ParOldGen       total 62464K, used 10916K [0x0000000705c00000, 0x0000000709900000, 0x0000000781f00000)
  object space 62464K, 17% used [0x0000000705c00000,0x00000007066a91a0,0x0000000709900000)
 Metaspace       used 31431K, capacity 33328K, committed 33404K, reserved 1079296K
  class space    used 4113K, capacity 4480K, committed 4480K, reserved 1048576K

Card table byte_map: [0x00007fbea2272000,0x00007fbea2845000] byte_map_base: 0x00007fbe9ea44000

Marking Bits: (ParMarkBitMap*) 0x00007fbea5544360
 Begin Bits: [0x00007fbe6a2e0000, 0x00007fbe6d170000)
 End Bits:   [0x00007fbe6d170000, 0x00007fbe70000000)

Polling page: 0x00007fbea63c5000

CodeCache: size=245760Kb used=9128Kb max_used=9128Kb free=236631Kb
 bounds [0x00007fbe8d000000, 0x00007fbe8d8f0000, 0x00007fbe9c000000]
 total_blobs=3118 nmethods=2708 adapters=324
 compilation: enabled

Compilation events (10 events):
Event: 28,682 Thread 0x00007fbe9c20f000 2747       3       java.lang.reflect.Method::getGenericParameterTypes (5 bytes)
Event: 28,683 Thread 0x00007fbe9c20f000 nmethod 2747 0x00007fbe8d8e95d0 code [0x00007fbe8d8e9820, 0x00007fbe8d8ea5a8]
Event: 28,687 Thread 0x00007fbe9c20f000 2749       3       java.lang.reflect.Proxy::isProxyClass (25 bytes)
Event: 28,687 Thread 0x00007fbe9c20f000 nmethod 2749 0x00007fbe8d8eaf10 code [0x00007fbe8d8eb120, 0x00007fbe8d8ebb68]
Event: 28,687 Thread 0x00007fbe9c20f000 2750       3       sun.reflect.misc.ReflectUtil::checkPackageAccess (19 bytes)
Event: 28,687 Thread 0x00007fbe9c20f000 nmethod 2750 0x00007fbe8d8ec010 code [0x00007fbe8d8ec1c0, 0x00007fbe8d8ec538]
Event: 28,687 Thread 0x00007fbe9c20f000 2751       3       sun.reflect.misc.ReflectUtil::isNonPublicProxyClass (51 bytes)
Event: 28,688 Thread 0x00007fbe9c20f000 nmethod 2751 0x00007fbe8d8ec690 code [0x00007fbe8d8ec8c0, 0x00007fbe8d8ed5d8]
Event: 28,692 Thread 0x00007fbe9c20f000 2752       3       java.beans.MethodRef::get (91 bytes)
Event: 28,697 Thread 0x00007fbe9c20f000 nmethod 2752 0x00007fbe8d8edb90 code [0x00007fbe8d8eddc0, 0x00007fbe8d8eeb68]

GC Heap History (10 events):
Event: 0,598 GC heap after
Heap after GC invocations=1 (full 0):
 PSYoungGen      total 56320K, used 5645K [0x0000000781f00000, 0x0000000788d00000, 0x00000007c0000000)
  eden space 48640K, 0% used [0x0000000781f00000,0x0000000781f00000,0x0000000784e80000)
  from space 7680K, 73% used [0x0000000784e80000,0x00000007854036b8,0x0000000785600000)
  to   space 7680K, 0% used [0x0000000788580000,0x0000000788580000,0x0000000788d00000)
 ParOldGen       total 128512K, used 16K [0x0000000705c00000, 0x000000070d980000, 0x0000000781f00000)
  object space 128512K, 0% used [0x0000000705c00000,0x0000000705c04000,0x000000070d980000)
 Metaspace       used 10681K, capacity 11590K, committed 11776K, reserved 1058816K
  class space    used 1319K, capacity 1515K, committed 1536K, reserved 1048576K
}
Event: 0,873 GC heap before
{Heap before GC invocations=2 (full 0):
 PSYoungGen      total 56320K, used 54285K [0x0000000781f00000, 0x0000000788d00000, 0x00000007c0000000)
  eden space 48640K, 100% used [0x0000000781f00000,0x0000000784e80000,0x0000000784e80000)
  from space 7680K, 73% used [0x0000000784e80000,0x00000007854036b8,0x0000000785600000)
  to   space 7680K, 0% used [0x0000000788580000,0x0000000788580000,0x0000000788d00000)
 ParOldGen       total 128512K, used 16K [0x0000000705c00000, 0x000000070d980000, 0x0000000781f00000)
  object space 128512K, 0% used [0x0000000705c00000,0x0000000705c04000,0x000000070d980000)
 Metaspace       used 14876K, capacity 16004K, committed 16256K, reserved 1062912K
  class space    used 1870K, capacity 2126K, committed 2176K, reserved 1048576K
Event: 0,880 GC heap after
Heap after GC invocations=2 (full 0):
 PSYoungGen      total 104960K, used 6498K [0x0000000781f00000, 0x0000000788d00000, 0x00000007c0000000)
  eden space 97280K, 0% used [0x0000000781f00000,0x0000000781f00000,0x0000000787e00000)
  from space 7680K, 84% used [0x0000000788580000,0x0000000788bd8bf8,0x0000000788d00000)
  to   space 7680K, 0% used [0x0000000787e00000,0x0000000787e00000,0x0000000788580000)
 ParOldGen       total 128512K, used 24K [0x0000000705c00000, 0x000000070d980000, 0x0000000781f00000)
  object space 128512K, 0% used [0x0000000705c00000,0x0000000705c06000,0x000000070d980000)
 Metaspace       used 14876K, capacity 16004K, committed 16256K, reserved 1062912K
  class space    used 1870K, capacity 2126K, committed 2176K, reserved 1048576K
}
Event: 1,175 GC heap before
{Heap before GC invocations=3 (full 0):
 PSYoungGen      total 104960K, used 80044K [0x0000000781f00000, 0x0000000788d00000, 0x00000007c0000000)
  eden space 97280K, 75% used [0x0000000781f00000,0x00000007866d2570,0x0000000787e00000)
  from space 7680K, 84% used [0x0000000788580000,0x0000000788bd8bf8,0x0000000788d00000)
  to   space 7680K, 0% used [0x0000000787e00000,0x0000000787e00000,0x0000000788580000)
 ParOldGen       total 128512K, used 24K [0x0000000705c00000, 0x000000070d980000, 0x0000000781f00000)
  object space 128512K, 0% used [0x0000000705c00000,0x0000000705c06000,0x000000070d980000)
 Metaspace       used 19920K, capacity 21296K, committed 21376K, reserved 1067008K
  class space    used 2651K, capacity 2928K, committed 2944K, reserved 1048576K
Event: 1,191 GC heap after
Heap after GC invocations=3 (full 0):
 PSYoungGen      total 104960K, used 7658K [0x0000000781f00000, 0x000000078ec00000, 0x00000007c0000000)
  eden space 97280K, 0% used [0x0000000781f00000,0x0000000781f00000,0x0000000787e00000)
  from space 7680K, 99% used [0x0000000787e00000,0x000000078857abc0,0x0000000788580000)
  to   space 7680K, 0% used [0x000000078e480000,0x000000078e480000,0x000000078ec00000)
 ParOldGen       total 128512K, used 1337K [0x0000000705c00000, 0x000000070d980000, 0x0000000781f00000)
  object space 128512K, 1% used [0x0000000705c00000,0x0000000705d4e630,0x000000070d980000)
 Metaspace       used 19920K, capacity 21296K, committed 21376K, reserved 1067008K
  class space    used 2651K, capacity 2928K, committed 2944K, reserved 1048576K
}
Event: 1,205 GC heap before
{Heap before GC invocations=4 (full 0):
 PSYoungGen      total 104960K, used 10357K [0x0000000781f00000, 0x000000078ec00000, 0x00000007c0000000)
  eden space 97280K, 2% used [0x0000000781f00000,0x00000007821a29c0,0x0000000787e00000)
  from space 7680K, 99% used [0x0000000787e00000,0x000000078857abc0,0x0000000788580000)
  to   space 7680K, 0% used [0x000000078e480000,0x000000078e480000,0x000000078ec00000)
 ParOldGen       total 128512K, used 1337K [0x0000000705c00000, 0x000000070d980000, 0x0000000781f00000)
  object space 128512K, 1% used [0x0000000705c00000,0x0000000705d4e630,0x000000070d980000)
 Metaspace       used 20236K, capacity 21574K, committed 21628K, reserved 1069056K
  class space    used 2692K, capacity 2939K, committed 2944K, reserved 1048576K
Event: 1,214 GC heap after
Heap after GC invocations=4 (full 0):
 PSYoungGen      total 202240K, used 5177K [0x0000000781f00000, 0x000000078ec00000, 0x00000007c0000000)
  eden space 194560K, 0% used [0x0000000781f00000,0x0000000781f00000,0x000000078dd00000)
  from space 7680K, 67% used [0x000000078e480000,0x000000078e98e680,0x000000078ec00000)
  to   space 7680K, 0% used [0x000000078dd00000,0x000000078dd00000,0x000000078e480000)
 ParOldGen       total 128512K, used 1345K [0x0000000705c00000, 0x000000070d980000, 0x0000000781f00000)
  object space 128512K, 1% used [0x0000000705c00000,0x0000000705d50630,0x000000070d980000)
 Metaspace       used 20236K, capacity 21574K, committed 21628K, reserved 1069056K
  class space    used 2692K, capacity 2939K, committed 2944K, reserved 1048576K
}
Event: 1,214 GC heap before
{Heap before GC invocations=5 (full 1):
 PSYoungGen      total 202240K, used 5177K [0x0000000781f00000, 0x000000078ec00000, 0x00000007c0000000)
  eden space 194560K, 0% used [0x0000000781f00000,0x0000000781f00000,0x000000078dd00000)
  from space 7680K, 67% used [0x000000078e480000,0x000000078e98e680,0x000000078ec00000)
  to   space 7680K, 0% used [0x000000078dd00000,0x000000078dd00000,0x000000078e480000)
 ParOldGen       total 128512K, used 1345K [0x0000000705c00000, 0x000000070d980000, 0x0000000781f00000)
  object space 128512K, 1% used [0x0000000705c00000,0x0000000705d50630,0x000000070d980000)
 Metaspace       used 20236K, capacity 21574K, committed 21628K, reserved 1069056K
  class space    used 2692K, capacity 2939K, committed 2944K, reserved 1048576K
Event: 1,238 GC heap after
Heap after GC invocations=5 (full 1):
 PSYoungGen      total 202240K, used 0K [0x0000000781f00000, 0x000000078ec00000, 0x00000007c0000000)
  eden space 194560K, 0% used [0x0000000781f00000,0x0000000781f00000,0x000000078dd00000)
  from space 7680K, 0% used [0x000000078e480000,0x000000078e480000,0x000000078ec00000)
  to   space 7680K, 0% used [0x000000078dd00000,0x000000078dd00000,0x000000078e480000)
 ParOldGen       total 62464K, used 4992K [0x0000000705c00000, 0x0000000709900000, 0x0000000781f00000)
  object space 62464K, 7% used [0x0000000705c00000,0x00000007060e0358,0x0000000709900000)
 Metaspace       used 20228K, capacity 21562K, committed 21628K, reserved 1069056K
  class space    used 2689K, capacity 2933K, committed 2944K, reserved 1048576K
}
Event: 28,717 GC heap before
{Heap before GC invocations=6 (full 1):
 PSYoungGen      total 202240K, used 194560K [0x0000000781f00000, 0x000000078ec00000, 0x00000007c0000000)
  eden space 194560K, 100% used [0x0000000781f00000,0x000000078dd00000,0x000000078dd00000)
  from space 7680K, 0% used [0x000000078e480000,0x000000078e480000,0x000000078ec00000)
  to   space 7680K, 0% used [0x000000078dd00000,0x000000078dd00000,0x000000078e480000)
 ParOldGen       total 62464K, used 4992K [0x0000000705c00000, 0x0000000709900000, 0x0000000781f00000)
  object space 62464K, 7% used [0x0000000705c00000,0x00000007060e0358,0x0000000709900000)
 Metaspace       used 31431K, capacity 33328K, committed 33404K, reserved 1079296K
  class space    used 4113K, capacity 4480K, committed 4480K, reserved 1048576K

Deoptimization events (10 events):
Event: 2,258 Thread 0x00007fbe9c00b000 Uncommon trap: reason=unstable_if action=reinterpret pc=0x00007fbe8d75dc8c method=java.net.URLClassLoader.definePackageInternal(Ljava/lang/String;Ljava/util/jar/Manifest;Ljava/net/URL;)V @ 11
Event: 2,259 Thread 0x00007fbe9c00b000 Uncommon trap: reason=class_check action=maybe_recompile pc=0x00007fbe8d6dfb48 method=org.springframework.util.ConcurrentReferenceHashMap$Segment.findInChain(Lorg/springframework/util/ConcurrentReferenceHashMap$Reference;Ljava/lang/Object;I)Lorg/springfra
Event: 2,740 Thread 0x00007fbe9c00b000 Uncommon trap: reason=unstable_if action=reinterpret pc=0x00007fbe8d7bde88 method=org.springframework.beans.factory.support.AbstractBeanFactory.isTypeMatch(Ljava/lang/String;Lorg/springframework/core/ResolvableType;Z)Z @ 99
Event: 7,292 Thread 0x00007fbe9c00b000 Uncommon trap: reason=unstable_if action=reinterpret pc=0x00007fbe8d6dfb8c method=org.springframework.util.ConcurrentReferenceHashMap$Segment.findInChain(Lorg/springframework/util/ConcurrentReferenceHashMap$Reference;Ljava/lang/Object;I)Lorg/springframewo
Event: 14,128 Thread 0x00007fbe58001000 Uncommon trap: reason=unstable_if action=reinterpret pc=0x00007fbe8d7db070 method=java.util.StringTokenizer.scanToken(I)I @ 96
Event: 14,902 Thread 0x00007fbe9c00b000 Uncommon trap: reason=unstable_if action=reinterpret pc=0x00007fbe8d885104 method=org.springframework.beans.factory.support.AbstractAutowireCapableBeanFactory.determineTargetType(Ljava/lang/String;Lorg/springframework/beans/factory/support/RootBeanDefinit
Event: 14,947 Thread 0x00007fbe9c00b000 Uncommon trap: reason=unstable_if action=reinterpret pc=0x00007fbe8d817fb8 method=org.springframework.beans.factory.support.AbstractAutowireCapableBeanFactory.predictBeanType(Ljava/lang/String;Lorg/springframework/beans/factory/support/RootBeanDefinition;
Event: 15,937 Thread 0x00007fbe58001000 Uncommon trap: reason=bimorphic action=maybe_recompile pc=0x00007fbe8d3cfe94 method=java.io.DataOutputStream.write([BII)V @ 7
Event: 17,224 Thread 0x00007fbe58001000 Uncommon trap: reason=bimorphic action=maybe_recompile pc=0x00007fbe8d3cfe94 method=java.io.DataOutputStream.write([BII)V @ 7
Event: 20,338 Thread 0x00007fbe58001000 Uncommon trap: reason=unstable_if action=reinterpret pc=0x00007fbe8d552e9c method=java.lang.ClassLoader.getClassLoadingLock(Ljava/lang/String;)Ljava/lang/Object; @ 6

Classes redefined (0 events):
No events

Internal exceptions (10 events):
Event: 28,664 Thread 0x00007fbe9c00b000 Exception <a 'java/lang/ClassNotFoundException': org/springframework/aop/framework/ProxyConfigCustomizer> (0x000000078da58108) thrown at [/build/openjdk-8-OqY7zN/openjdk-8-8u222-b10/src/hotspot/src/share/vm/classfile/systemDictionary.cpp, line 210]
Event: 28,675 Thread 0x00007fbe9c00b000 Exception <a 'java/lang/ClassNotFoundException': org/springframework/aop/framework/ProxyProcessorSupportCustomizer> (0x000000078dbca3d0) thrown at [/build/openjdk-8-OqY7zN/openjdk-8-8u222-b10/src/hotspot/src/share/vm/classfile/systemDictionary.cpp, line 2
Event: 28,676 Thread 0x00007fbe9c00b000 Exception <a 'java/lang/ClassNotFoundException': org/springframework/aop/framework/AbstractAdvisingBeanPostProcessorCustomizer> (0x000000078dbf5dc8) thrown at [/build/openjdk-8-OqY7zN/openjdk-8-8u222-b10/src/hotspot/src/share/vm/classfile/systemDictionary
Event: 28,677 Thread 0x00007fbe9c00b000 Exception <a 'java/lang/ClassNotFoundException': org/springframework/aop/framework/autoproxy/AbstractBeanFactoryAwareAdvisingPostProcessorCustomizer> (0x000000078dc27c70) thrown at [/build/openjdk-8-OqY7zN/openjdk-8-8u222-b10/src/hotspot/src/share/vm/clas
Event: 28,678 Thread 0x00007fbe9c00b000 Exception <a 'java/lang/ClassNotFoundException': org/springframework/validation/beanvalidation/MethodValidationPostProcessorCustomizer> (0x000000078dc53fb8) thrown at [/build/openjdk-8-OqY7zN/openjdk-8-8u222-b10/src/hotspot/src/share/vm/classfile/systemDi
Event: 28,693 Thread 0x00007fbe9c00b000 Exception <a 'java/lang/ClassNotFoundException': org/springframework/beans/factory/InitializingBeanCustomizer> (0x000000078dc86190) thrown at [/build/openjdk-8-OqY7zN/openjdk-8-8u222-b10/src/hotspot/src/share/vm/classfile/systemDictionary.cpp, line 210]
Event: 28,694 Thread 0x00007fbe9c00b000 Exception <a 'java/lang/ClassNotFoundException': org/springframework/beans/factory/BeanFactoryAwareCustomizer> (0x000000078dca5f48) thrown at [/build/openjdk-8-OqY7zN/openjdk-8-8u222-b10/src/hotspot/src/share/vm/classfile/systemDictionary.cpp, line 210]
Event: 28,694 Thread 0x00007fbe9c00b000 Exception <a 'java/lang/ClassNotFoundException': org/springframework/beans/factory/AwareCustomizer> (0x000000078dcc2860) thrown at [/build/openjdk-8-OqY7zN/openjdk-8-8u222-b10/src/hotspot/src/share/vm/classfile/systemDictionary.cpp, line 210]
Event: 28,697 Thread 0x00007fbe9c00b000 Exception <a 'java/lang/ClassNotFoundException': org/springframework/beans/factory/config/BeanPostProcessorCustomizer> (0x000000078dce49c0) thrown at [/build/openjdk-8-OqY7zN/openjdk-8-8u222-b10/src/hotspot/src/share/vm/classfile/systemDictionary.cpp, lin
Event: 28,698 Thread 0x00007fbe9c00b000 Exception <a 'java/lang/ClassNotFoundException': org/springframework/core/OrderedCustomizer> (0x000000078dcfe960) thrown at [/build/openjdk-8-OqY7zN/openjdk-8-8u222-b10/src/hotspot/src/share/vm/classfile/systemDictionary.cpp, line 210]

Events (10 events):
Event: 28,694 loading class org/springframework/beans/factory/config/BeanPostProcessorCustomizer done
Event: 28,697 loading class org/springframework/beans/factory/config/BeanPostProcessorCustomizer
Event: 28,697 loading class org/springframework/beans/factory/config/BeanPostProcessorCustomizer done
Event: 28,697 loading class org/springframework/core/OrderedCustomizer
Event: 28,697 loading class org/springframework/core/OrderedCustomizer done
Event: 28,698 loading class org/springframework/core/OrderedCustomizer
Event: 28,698 loading class org/springframework/core/OrderedCustomizer done
Event: 28,698 loading class org/springframework/core/OrderedCustomizer
Event: 28,698 loading class org/springframework/core/OrderedCustomizer done
Event: 28,711 Executing VM operation: ParallelGCFailedAllocation


Dynamic libraries:
705c00000-709900000 rw-p 00000000 00:00 0 
709900000-781f00000 ---p 00000000 00:00 0 
781f00000-78ec00000 rw-p 00000000 00:00 0 
799380000-7c0000000 ---p 00000000 00:00 0 
7c0000000-7c0460000 rw-p 00000000 00:00 0 
7c0460000-800000000 ---p 00000000 00:00 0 
55e31f610000-55e31f611000 r-xp 00000000 08:13 10092721                   /usr/lib/jvm/java-8-openjdk-amd64/jre/bin/java
55e31f810000-55e31f811000 r--p 00000000 08:13 10092721                   /usr/lib/jvm/java-8-openjdk-amd64/jre/bin/java
55e31f811000-55e31f812000 rw-p 00001000 08:13 10092721                   /usr/lib/jvm/java-8-openjdk-amd64/jre/bin/java
55e31f836000-55e31f857000 rw-p 00000000 00:00 0                          [heap]
7fbe20000000-7fbe20046000 rw-p 00000000 00:00 0 
7fbe20046000-7fbe24000000 ---p 00000000 00:00 0 
7fbe28000000-7fbe2846c000 rw-p 00000000 00:00 0 
7fbe2846c000-7fbe2c000000 ---p 00000000 00:00 0 
7fbe2c000000-7fbe2c021000 rw-p 00000000 00:00 0 
7fbe2c021000-7fbe30000000 ---p 00000000 00:00 0 
7fbe3240d000-7fbe3244d000 rw-p 00000000 00:00 0 
7fbe3244d000-7fbe3260d000 ---p 00000000 00:00 0 
7fbe3260d000-7fbe3280d000 rw-p 00000000 00:00 0 
7fbe3280d000-7fbe32a0d000 rw-p 00000000 00:00 0 
7fbe32a0d000-7fbe32c0d000 rw-p 00000000 00:00 0 
7fbe32c0d000-7fbe32e0d000 rw-p 00000000 00:00 0 
7fbe32e0d000-7fbe32e10000 ---p 00000000 00:00 0 
7fbe32e10000-7fbe3310d000 rw-p 00000000 00:00 0 
7fbe3310d000-7fbe3310e000 ---p 00000000 00:00 0 
7fbe3310e000-7fbe3330e000 rw-p 00000000 00:00 0 
7fbe333d7000-7fbe335d7000 rw-p 00000000 00:00 0 
7fbe335d7000-7fbe337d7000 rw-p 00000000 00:00 0 
7fbe337d7000-7fbe337ed000 r-xp 00000000 08:13 10226618                   /usr/lib/jvm/java-8-openjdk-amd64/jre/lib/amd64/libnet.so
7fbe337ed000-7fbe339ec000 ---p 00016000 08:13 10226618                   /usr/lib/jvm/java-8-openjdk-amd64/jre/lib/amd64/libnet.so
7fbe339ec000-7fbe339ed000 r--p 00015000 08:13 10226618                   /usr/lib/jvm/java-8-openjdk-amd64/jre/lib/amd64/libnet.so
7fbe339ed000-7fbe339ee000 rw-p 00016000 08:13 10226618                   /usr/lib/jvm/java-8-openjdk-amd64/jre/lib/amd64/libnet.so
7fbe339ee000-7fbe339ff000 r-xp 00000000 08:13 10226620                   /usr/lib/jvm/java-8-openjdk-amd64/jre/lib/amd64/libnio.so
7fbe339ff000-7fbe33bfe000 ---p 00011000 08:13 10226620                   /usr/lib/jvm/java-8-openjdk-amd64/jre/lib/amd64/libnio.so
7fbe33bfe000-7fbe33bff000 r--p 00010000 08:13 10226620                   /usr/lib/jvm/java-8-openjdk-amd64/jre/lib/amd64/libnio.so
7fbe33bff000-7fbe33c00000 rw-p 00011000 08:13 10226620                   /usr/lib/jvm/java-8-openjdk-amd64/jre/lib/amd64/libnio.so
7fbe33c00000-7fbe33e00000 rw-p 00000000 00:00 0 
7fbe33e00000-7fbe34000000 rw-p 00000000 00:00 0 
7fbe34000000-7fbe34021000 rw-p 00000000 00:00 0 
7fbe34021000-7fbe38000000 ---p 00000000 00:00 0 
7fbe38000000-7fbe380a7000 rw-p 00000000 00:00 0 
7fbe380a7000-7fbe3c000000 ---p 00000000 00:00 0 
7fbe3c000000-7fbe3c021000 rw-p 00000000 00:00 0 
7fbe3c021000-7fbe40000000 ---p 00000000 00:00 0 
7fbe40000000-7fbe40021000 rw-p 00000000 00:00 0 
7fbe40021000-7fbe44000000 ---p 00000000 00:00 0 
7fbe44000000-7fbe45c50000 rw-p 00000000 00:00 0 
7fbe45c50000-7fbe48000000 ---p 00000000 00:00 0 
7fbe48000000-7fbe48d5b000 rw-p 00000000 00:00 0 
7fbe48d5b000-7fbe4c000000 ---p 00000000 00:00 0 
7fbe4c000000-7fbe4d6e2000 rw-p 00000000 00:00 0 
7fbe4d6e2000-7fbe50000000 ---p 00000000 00:00 0 
7fbe50000000-7fbe50842000 rw-p 00000000 00:00 0 
7fbe50842000-7fbe54000000 ---p 00000000 00:00 0 
7fbe54000000-7fbe54021000 rw-p 00000000 00:00 0 
7fbe54021000-7fbe58000000 ---p 00000000 00:00 0 
7fbe58000000-7fbe58021000 rw-p 00000000 00:00 0 
7fbe58021000-7fbe5c000000 ---p 00000000 00:00 0 
7fbe5c000000-7fbe5c040000 rw-p 00000000 00:00 0 
7fbe5c040000-7fbe60000000 ---p 00000000 00:00 0 
7fbe60000000-7fbe60021000 rw-p 00000000 00:00 0 
7fbe60021000-7fbe64000000 ---p 00000000 00:00 0 
7fbe64000000-7fbe64021000 rw-p 00000000 00:00 0 
7fbe64021000-7fbe68000000 ---p 00000000 00:00 0 
7fbe68097000-7fbe6809c000 r--s 000a3000 08:13 10227498                   /usr/lib/jvm/java-8-openjdk-amd64/jre/lib/jsse.jar
7fbe6809c000-7fbe6809f000 ---p 00000000 00:00 0 
7fbe6809f000-7fbe6819d000 rw-p 00000000 00:00 0 
7fbe6819d000-7fbe681a4000 r--s 00000000 08:13 10226463                   /usr/lib/x86_64-linux-gnu/gconv/gconv-modules.cache
7fbe681a4000-7fbe681c8000 r--p 00000000 08:13 11150480                   /usr/share/locale-langpack/es/LC_MESSAGES/libc.mo
7fbe681c8000-7fbe681cb000 ---p 00000000 00:00 0 
7fbe681cb000-7fbe68201000 rw-p 00000000 00:00 0 
7fbe68201000-7fbe68204000 r--s 00015000 08:13 8652264                    /home/carlos/.m2/repository/org/junit/platform/junit-platform-launcher/1.3.1/junit-platform-launcher-1.3.1.jar
7fbe68204000-7fbe68207000 r--s 0000e000 08:13 8652258                    /home/carlos/.m2/repository/org/apache/maven/surefire/surefire-junit-platform/2.22.2/surefire-junit-platform-2.22.2.jar
7fbe68207000-7fbe6820c000 r--s 00025000 08:13 8128207                    /home/carlos/.m2/repository/org/xmlunit/xmlunit-core/2.6.3/xmlunit-core-2.6.3.jar
7fbe6820c000-7fbe6821b000 r--s 00096000 08:13 9051237                    /home/carlos/.m2/repository/org/springframework/spring-test/5.2.1.RELEASE/spring-test-5.2.1.RELEASE.jar
7fbe6821b000-7fbe6821c000 r--s 00005000 08:13 8006933                    /home/carlos/.m2/repository/org/springframework/spring-jcl/5.2.1.RELEASE/spring-jcl-5.2.1.RELEASE.jar
7fbe6821c000-7fbe68237000 r--s 00143000 08:13 7873223                    /home/carlos/.m2/repository/org/springframework/spring-core/5.2.1.RELEASE/spring-core-5.2.1.RELEASE.jar
7fbe68237000-7fbe68238000 r--s 00004000 08:13 6424543                    /home/carlos/.m2/repository/com/vaadin/external/google/android-json/0.0.20131108.vaadin1/android-json-0.0.20131108.vaadin1.jar
7fbe68238000-7fbe6823a000 r--s 00006000 08:13 6424541                    /home/carlos/.m2/repository/org/skyscreamer/jsonassert/1.5.0/jsonassert-1.5.0.jar
7fbe6823a000-7fbe6823c000 r--s 0000c000 08:13 6424535                    /home/carlos/.m2/repository/org/objenesis/objenesis/2.6/objenesis-2.6.jar
7fbe6823c000-7fbe68240000 r--s 0003c000 08:13 9051235                    /home/carlos/.m2/repository/net/bytebuddy/byte-buddy-agent/1.10.2/byte-buddy-agent-1.10.2.jar
7fbe68240000-7fbe68251000 r--s 00080000 08:13 8128199                    /home/carlos/.m2/repository/org/mockito/mockito-core/3.1.0/mockito-core-3.1.0.jar
7fbe68251000-7fbe68255000 r--s 0001b000 08:13 8128197                    /home/carlos/.m2/repository/org/hamcrest/hamcrest/2.1/hamcrest-2.1.jar
7fbe68255000-7fbe682ba000 r--s 003e1000 08:13 8128195                    /home/carlos/.m2/repository/org/assertj/assertj-core/3.13.2/assertj-core-3.13.2.jar
7fbe682ba000-7fbe682bb000 r--s 00001000 08:13 8128193                    /home/carlos/.m2/repository/org/mockito/mockito-junit-jupiter/3.1.0/mockito-junit-jupiter-3.1.0.jar
7fbe682bb000-7fbe682c0000 r--s 00024000 08:13 8128191                    /home/carlos/.m2/repository/org/junit/platform/junit-platform-engine/1.5.2/junit-platform-engine-1.5.2.jar
7fbe682c0000-7fbe682c5000 r--s 00031000 08:13 8128189                    /home/carlos/.m2/repository/org/junit/jupiter/junit-jupiter-engine/5.5.2/junit-jupiter-engine-5.5.2.jar
7fbe682c5000-7fbe682d2000 r--s 0007a000 08:13 8128187                    /home/carlos/.m2/repository/org/junit/jupiter/junit-jupiter-params/5.5.2/junit-jupiter-params-5.5.2.jar
7fbe682d2000-7fbe682d4000 r--s 00015000 08:13 8128185                    /home/carlos/.m2/repository/org/junit/platform/junit-platform-commons/1.5.2/junit-platform-commons-1.5.2.jar
7fbe682d4000-7fbe682d5000 r--s 00001000 08:13 8128183                    /home/carlos/.m2/repository/org/opentest4j/opentest4j/1.2.0/opentest4j-1.2.0.jar
7fbe682d5000-7fbe682d6000 r--s 00000000 08:13 8128181                    /home/carlos/.m2/repository/org/apiguardian/apiguardian-api/1.1.0/apiguardian-api-1.1.0.jar
7fbe682d6000-7fbe682da000 r--s 0001f000 08:13 8128179                    /home/carlos/.m2/repository/org/junit/jupiter/junit-jupiter-api/5.5.2/junit-jupiter-api-5.5.2.jar
7fbe682da000-7fbe682db000 r--s 00001000 08:13 8128177                    /home/carlos/.m2/repository/org/junit/jupiter/junit-jupiter/5.5.2/junit-jupiter-5.5.2.jar
7fbe682db000-7fbe682df000 r--s 00019000 08:13 8128173                    /home/carlos/.m2/repository/jakarta/xml/bind/jakarta.xml.bind-api/2.3.2/jakarta.xml.bind-api-2.3.2.jar
7fbe682df000-7fbe682e1000 r--s 0000c000 08:13 6424427                    /home/carlos/.m2/repository/org/ow2/asm/asm/5.0.4/asm-5.0.4.jar
7fbe682e1000-7fbe682e3000 r--s 00006000 08:13 6424523                    /home/carlos/.m2/repository/net/minidev/accessors-smart/1.2/accessors-smart-1.2.jar
7fbe682e3000-7fbe682e6000 r--s 0001b000 08:13 6424521                    /home/carlos/.m2/repository/net/minidev/json-smart/2.3/json-smart-2.3.jar
7fbe682e6000-7fbe682ec000 r--s 00031000 08:13 6424519                    /home/carlos/.m2/repository/com/jayway/jsonpath/json-path/2.4.0/json-path-2.4.0.jar
7fbe682ec000-7fbe682f2000 r--s 00021000 08:13 8787929                    /home/carlos/.m2/repository/org/springframework/boot/spring-boot-test-autoconfigure/2.2.1.RELEASE/spring-boot-test-autoconfigure-2.2.1.RELEASE.jar
7fbe682f2000-7fbe682f8000 r--s 0002e000 08:13 8787925                    /home/carlos/.m2/repository/org/springframework/boot/spring-boot-test/2.2.1.RELEASE/spring-boot-test-2.2.1.RELEASE.jar
7fbe682f8000-7fbe682f9000 r--s 00000000 08:13 8787923                    /home/carlos/.m2/repository/org/springframework/boot/spring-boot-starter-test/2.2.1.RELEASE/spring-boot-starter-test-2.2.1.RELEASE.jar
7fbe682f9000-7fbe68310000 r--s 00198000 08:13 8658911                    /home/carlos/.m2/repository/org/projectlombok/lombok/1.18.10/lombok-1.18.10.jar
7fbe68310000-7fbe6833f000 r--s 002e7000 08:13 8658845                    /home/carlos/.m2/repository/org/apache/derby/derby/10.14.2.0/derby-10.14.2.0.jar
7fbe6833f000-7fbe68366000 r--s 0012c000 08:13 8658839                    /home/carlos/.m2/repository/org/springframework/boot/spring-boot-autoconfigure/2.2.1.RELEASE/spring-boot-autoconfigure-2.2.1.RELEASE.jar
7fbe68366000-7fbe6837d000 r--s 000e7000 08:13 7746166                    /home/carlos/.m2/repository/org/springframework/boot/spring-boot/2.2.1.RELEASE/spring-boot-2.2.1.RELEASE.jar
7fbe6837d000-7fbe68383000 r--s 00030000 08:13 8658904                    /home/carlos/.m2/repository/org/springframework/boot/spring-boot-devtools/2.2.1.RELEASE/spring-boot-devtools-2.2.1.RELEASE.jar
7fbe68383000-7fbe68388000 r--s 00040000 08:13 8524299                    /home/carlos/.m2/repository/org/springframework/spring-expression/5.2.1.RELEASE/spring-expression-5.2.1.RELEASE.jar
7fbe68388000-7fbe6839a000 r--s 000d5000 08:13 8658912                    /home/carlos/.m2/repository/org/springframework/spring-webmvc/5.2.1.RELEASE/spring-webmvc-5.2.1.RELEASE.jar
7fbe6839a000-7fbe683b7000 r--s 0013d000 08:13 8524332                    /home/carlos/.m2/repository/org/springframework/spring-web/5.2.1.RELEASE/spring-web-5.2.1.RELEASE.jar
7fbe683b7000-7fbe683d4000 r--s 000fe000 08:13 8658903                    /home/carlos/.m2/repository/org/hibernate/validator/hibernate-validator/6.0.18.Final/hibernate-validator-6.0.18.Final.jar
7fbe683d4000-7fbe683d9000 r--s 00012000 08:13 8390912                    /home/carlos/.m2/repository/jakarta/validation/jakarta.validation-api/2.0.1/jakarta.validation-api-2.0.1.jar
7fbe683d9000-7fbe683da000 r--s 00000000 08:13 8658901                    /home/carlos/.m2/repository/org/springframework/boot/spring-boot-starter-validation/2.2.1.RELEASE/spring-boot-starter-validation-2.2.1.RELEASE.jar
7fbe683da000-7fbe683df000 r--s 0003c000 08:13 8390910                    /home/carlos/.m2/repository/org/apache/tomcat/embed/tomcat-embed-websocket/9.0.27/tomcat-embed-websocket-9.0.27.jar
7fbe683df000-7fbe683e4000 r--s 0003a000 08:13 8390908                    /home/carlos/.m2/repository/org/apache/tomcat/embed/tomcat-embed-el/9.0.27/tomcat-embed-el-9.0.27.jar
7fbe683e4000-7fbe6840f000 r--s 0030b000 08:13 8390906                    /home/carlos/.m2/repository/org/apache/tomcat/embed/tomcat-embed-core/9.0.27/tomcat-embed-core-9.0.27.jar
7fbe6840f000-7fbe68410000 r--s 00000000 08:13 8658906                    /home/carlos/.m2/repository/org/springframework/boot/spring-boot-starter-tomcat/2.2.1.RELEASE/spring-boot-starter-tomcat-2.2.1.RELEASE.jar
7fbe68410000-7fbe68412000 r--s 00001000 08:13 8390904                    /home/carlos/.m2/repository/com/fasterxml/jackson/module/jackson-module-parameter-names/2.10.0/jackson-module-parameter-names-2.10.0.jar
7fbe68412000-7fbe68415000 r--s 00017000 08:13 8390902                    /home/carlos/.m2/repository/com/fasterxml/jackson/datatype/jackson-datatype-jsr310/2.10.0/jackson-datatype-jsr310-2.10.0.jar
7fbe68415000-7fbe68417000 r--s 00007000 08:13 8390900                    /home/carlos/.m2/repository/com/fasterxml/jackson/datatype/jackson-datatype-jdk8/2.10.0/jackson-datatype-jdk8-2.10.0.jar
7fbe68417000-7fbe6841c000 r--s 00051000 08:13 8390888                    /home/carlos/.m2/repository/com/fasterxml/jackson/core/jackson-core/2.10.0/jackson-core-2.10.0.jar
7fbe6841c000-7fbe6841f000 r--s 0000e000 08:13 8390890                    /home/carlos/.m2/repository/com/fasterxml/jackson/core/jackson-annotations/2.10.0/jackson-annotations-2.10.0.jar
7fbe6841f000-7fbe68435000 r--s 00141000 08:13 8390892                    /home/carlos/.m2/repository/com/fasterxml/jackson/core/jackson-databind/2.10.0/jackson-databind-2.10.0.jar
7fbe68435000-7fbe68436000 r--s 00000000 08:13 8524329                    /home/carlos/.m2/repository/org/springframework/boot/spring-boot-starter-json/2.2.1.RELEASE/spring-boot-starter-json-2.2.1.RELEASE.jar
7fbe68436000-7fbe6843d000 r--s 00044000 08:13 8128165                    /home/carlos/.m2/repository/org/yaml/snakeyaml/1.25/snakeyaml-1.25.jar
7fbe6843d000-7fbe6843f000 r--s 00005000 08:13 8128159                    /home/carlos/.m2/repository/jakarta/annotation/jakarta.annotation-api/1.3.5/jakarta.annotation-api-1.3.5.jar
7fbe6843f000-7fbe68441000 r--s 00000000 08:13 8658843                    /home/carlos/.m2/repository/org/slf4j/jul-to-slf4j/1.7.29/jul-to-slf4j-1.7.29.jar
7fbe68441000-7fbe68447000 r--s 0003e000 08:13 7869084                    /home/carlos/.m2/repository/org/apache/logging/log4j/log4j-api/2.12.1/log4j-api-2.12.1.jar
7fbe68447000-7fbe68449000 r--s 00003000 08:13 7349868                    /home/carlos/.m2/repository/org/apache/logging/log4j/log4j-to-slf4j/2.12.1/log4j-to-slf4j-2.12.1.jar
7fbe68449000-7fbe68454000 r--s 00069000 08:13 6424507                    /home/carlos/.m2/repository/ch/qos/logback/logback-core/1.2.3/logback-core-1.2.3.jar
7fbe68454000-7fbe6845a000 r--s 00041000 08:13 6424505                    /home/carlos/.m2/repository/ch/qos/logback/logback-classic/1.2.3/logback-classic-1.2.3.jar
7fbe6845a000-7fbe6845b000 r--s 00000000 08:13 8658841                    /home/carlos/.m2/repository/org/springframework/boot/spring-boot-starter-logging/2.2.1.RELEASE/spring-boot-starter-logging-2.2.1.RELEASE.jar
7fbe6845b000-7fbe6845c000 r--s 00000000 08:13 7350471                    /home/carlos/.m2/repository/org/springframework/boot/spring-boot-starter/2.2.1.RELEASE/spring-boot-starter-2.2.1.RELEASE.jar
7fbe6845c000-7fbe6845e000 r--s 0000a000 08:13 8524333                    /home/carlos/.m2/repository/org/springframework/spring-aspects/5.2.1.RELEASE/spring-aspects-5.2.1.RELEASE.jar
7fbe6845e000-7fbe6846b000 r--s 0009b000 08:13 8389755                    /home/carlos/.m2/repository/org/springframework/spring-beans/5.2.1.RELEASE/spring-beans-5.2.1.RELEASE.jar
7fbe6846b000-7fbe68474000 r--s 00044000 08:13 7746227                    /home/carlos/.m2/repository/org/springframework/spring-tx/5.2.1.RELEASE/spring-tx-5.2.1.RELEASE.jar
7fbe68474000-7fbe6848f000 r--s 0010e000 08:13 8136011                    /home/carlos/.m2/repository/org/springframework/spring-context/5.2.1.RELEASE/spring-context-5.2.1.RELEASE.jar
7fbe6848f000-7fbe68494000 r--s 0002d000 08:13 8524326                    /home/carlos/.m2/repository/org/springframework/spring-orm/5.2.1.RELEASE/spring-orm-5.2.1.RELEASE.jar
7fbe68494000-7fbe684ad000 r--s 0010f000 08:13 8396637                    /home/carlos/.m2/repository/org/springframework/data/spring-data-commons/2.2.1.RELEASE/spring-data-commons-2.2.1.RELEASE.jar
7fbe684ad000-7fbe684f5000 r--s 002e9000 08:13 8787931                    /home/carlos/.m2/repository/net/bytebuddy/byte-buddy/1.10.2/byte-buddy-1.10.2.jar
7fbe684f5000-7fbe684f8000 ---p 00000000 00:00 0 
7fbe684f8000-7fbe685f6000 rw-p 00000000 00:00 0 
7fbe685f6000-7fbe685ff000 r-xp 00000000 08:13 10226613                   /usr/lib/jvm/java-8-openjdk-amd64/jre/lib/amd64/libmanagement.so
7fbe685ff000-7fbe687fe000 ---p 00009000 08:13 10226613                   /usr/lib/jvm/java-8-openjdk-amd64/jre/lib/amd64/libmanagement.so
7fbe687fe000-7fbe687ff000 r--p 00008000 08:13 10226613                   /usr/lib/jvm/java-8-openjdk-amd64/jre/lib/amd64/libmanagement.so
7fbe687ff000-7fbe68800000 rw-p 00009000 08:13 10226613                   /usr/lib/jvm/java-8-openjdk-amd64/jre/lib/amd64/libmanagement.so
7fbe68800000-7fbe68803000 ---p 00000000 00:00 0 
7fbe68803000-7fbe68901000 rw-p 00000000 00:00 0 
7fbe68901000-7fbe68902000 ---p 00000000 00:00 0 
7fbe68902000-7fbe68a02000 rw-p 00000000 00:00 0 
7fbe68a02000-7fbe68a05000 ---p 00000000 00:00 0 
7fbe68a05000-7fbe68b03000 rw-p 00000000 00:00 0 
7fbe68b03000-7fbe68b04000 ---p 00000000 00:00 0 
7fbe68b04000-7fbe68b07000 ---p 00000000 00:00 0 
7fbe68b07000-7fbe68c04000 rw-p 00000000 00:00 0 
7fbe68c04000-7fbe68c05000 ---p 00000000 00:00 0 
7fbe68c05000-7fbe68c08000 ---p 00000000 00:00 0 
7fbe68c08000-7fbe68d05000 rw-p 00000000 00:00 0 
7fbe68d05000-7fbe68d06000 ---p 00000000 00:00 0 
7fbe68d06000-7fbe68d09000 ---p 00000000 00:00 0 
7fbe68d09000-7fbe68e06000 rw-p 00000000 00:00 0 
7fbe68e06000-7fbe68e07000 ---p 00000000 00:00 0 
7fbe68e07000-7fbe68e0a000 ---p 00000000 00:00 0 
7fbe68e0a000-7fbe68f07000 rw-p 00000000 00:00 0 
7fbe68f07000-7fbe68f0a000 ---p 00000000 00:00 0 
7fbe68f0a000-7fbe69008000 rw-p 00000000 00:00 0 
7fbe69008000-7fbe699d7000 r--p 00000000 08:13 9968300                    /usr/lib/locale/locale-archive
7fbe699d7000-7fbe699da000 ---p 00000000 00:00 0 
7fbe699da000-7fbe69ad8000 rw-p 00000000 00:00 0 
7fbe69ad8000-7fbe69adb000 ---p 00000000 00:00 0 
7fbe69adb000-7fbe69bd9000 rw-p 00000000 00:00 0 
7fbe69bd9000-7fbe69bda000 ---p 00000000 00:00 0 
7fbe69bda000-7fbe70000000 rw-p 00000000 00:00 0 
7fbe70000000-7fbe70021000 rw-p 00000000 00:00 0 
7fbe70021000-7fbe74000000 ---p 00000000 00:00 0 
7fbe74000000-7fbe74021000 rw-p 00000000 00:00 0 
7fbe74021000-7fbe78000000 ---p 00000000 00:00 0 
7fbe78000000-7fbe78021000 rw-p 00000000 00:00 0 
7fbe78021000-7fbe7c000000 ---p 00000000 00:00 0 
7fbe7c000000-7fbe7c021000 rw-p 00000000 00:00 0 
7fbe7c021000-7fbe80000000 ---p 00000000 00:00 0 
7fbe80000000-7fbe80021000 rw-p 00000000 00:00 0 
7fbe80021000-7fbe84000000 ---p 00000000 00:00 0 
7fbe84000000-7fbe84021000 rw-p 00000000 00:00 0 
7fbe84021000-7fbe88000000 ---p 00000000 00:00 0 
7fbe88000000-7fbe88021000 rw-p 00000000 00:00 0 
7fbe88021000-7fbe8c000000 ---p 00000000 00:00 0 
7fbe8c000000-7fbe8c001000 r--s 00000000 08:13 8524325                    /home/carlos/.m2/repository/org/springframework/boot/spring-boot-starter-web/2.2.1.RELEASE/spring-boot-starter-web-2.2.1.RELEASE.jar
7fbe8c001000-7fbe8c003000 r--s 00009000 08:13 8658847                    /home/carlos/.m2/repository/org/slf4j/slf4j-api/1.7.29/slf4j-api-1.7.29.jar
7fbe8c003000-7fbe8c00b000 r--s 00052000 08:13 8396633                    /home/carlos/.m2/repository/org/springframework/data/spring-data-jpa/2.2.1.RELEASE/spring-data-jpa-2.2.1.RELEASE.jar
7fbe8c00b000-7fbe8c010000 r--s 00049000 08:13 8396631                    /home/carlos/.m2/repository/com/sun/xml/fastinfoset/FastInfoset/1.2.16/FastInfoset-1.2.16.jar
7fbe8c010000-7fbe8c012000 r--s 00008000 08:13 8396629                    /home/carlos/.m2/repository/org/jvnet/staxex/stax-ex/1.8.1/stax-ex-1.8.1.jar
7fbe8c012000-7fbe8c014000 r--s 00005000 08:13 8006955                    /home/carlos/.m2/repository/com/sun/istack/istack-commons-runtime/3.0.8/istack-commons-runtime-3.0.8.jar
7fbe8c014000-7fbe8c016000 r--s 00010000 08:13 8396627                    /home/carlos/.m2/repository/org/glassfish/jaxb/txw2/2.3.2/txw2-2.3.2.jar
7fbe8c016000-7fbe8c02b000 r--s 000e3000 08:13 8260243                    /home/carlos/.m2/repository/org/glassfish/jaxb/jaxb-runtime/2.3.2/jaxb-runtime-2.3.2.jar
7fbe8c02b000-7fbe8c02e000 r--s 00010000 08:13 8006953                    /home/carlos/.m2/repository/org/hibernate/common/hibernate-commons-annotations/5.1.0.Final/hibernate-commons-annotations-5.1.0.Final.jar
7fbe8c02e000-7fbe8c033000 r--s 0004b000 08:13 7873253                    /home/carlos/.m2/repository/org/dom4j/dom4j/2.1.1/dom4j-2.1.1.jar
7fbe8c033000-7fbe8c035000 r--s 0000f000 08:13 7873251                    /home/carlos/.m2/repository/com/fasterxml/classmate/1.5.1/classmate-1.5.1.jar
7fbe8c035000-7fbe8c038000 r--s 0002b000 08:13 7873249                    /home/carlos/.m2/repository/org/jboss/jandex/2.0.5.Final/jandex-2.0.5.Final.jar
7fbe8c038000-7fbe8c03d000 r--s 00068000 08:13 7746225                    /home/carlos/.m2/repository/antlr/antlr/2.7.7/antlr-2.7.7.jar
7fbe8c03d000-7fbe8c047000 r--s 000b4000 08:13 7746223                    /home/carlos/.m2/repository/org/javassist/javassist/3.24.0-GA/javassist-3.24.0-GA.jar
7fbe8c047000-7fbe8c049000 r--s 0000d000 08:13 8390916                    /home/carlos/.m2/repository/org/jboss/logging/jboss-logging/3.4.1.Final/jboss-logging-3.4.1.Final.jar
7fbe8c049000-7fbe8c0cf000 r--s 0064e000 08:13 7746221                    /home/carlos/.m2/repository/org/hibernate/hibernate-core/5.4.8.Final/hibernate-core-5.4.8.Final.jar
7fbe8c0cf000-7fbe8c0d0000 r--s 00003000 08:13 8260241                    /home/carlos/.m2/repository/jakarta/transaction/jakarta.transaction-api/1.3.3/jakarta.transaction-api-1.3.3.jar
7fbe8c0d0000-7fbe8c0d6000 r--s 00023000 08:13 8136032                    /home/carlos/.m2/repository/jakarta/persistence/jakarta.persistence-api/2.2.3/jakarta.persistence-api-2.2.3.jar
7fbe8c0d6000-7fbe8c0d8000 r--s 00009000 08:13 8128175                    /home/carlos/.m2/repository/jakarta/activation/jakarta.activation-api/1.2.1/jakarta.activation-api-1.2.1.jar
7fbe8c0d8000-7fbe8c0f1000 r--s 001da000 08:13 8390932                    /home/carlos/.m2/repository/org/aspectj/aspectjweaver/1.9.4/aspectjweaver-1.9.4.jar
7fbe8c0f1000-7fbe8d000000 rw-p 00000000 00:00 0 
7fbe8d000000-7fbe8d8f0000 rwxp 00000000 00:00 0 
7fbe8d8f0000-7fbe9c000000 ---p 00000000 00:00 0 
7fbe9c000000-7fbe9d246000 rw-p 00000000 00:00 0 
7fbe9d246000-7fbea0000000 ---p 00000000 00:00 0 
7fbea0000000-7fbea000a000 r--s 0005a000 08:13 7611511                    /home/carlos/.m2/repository/org/springframework/spring-jdbc/5.2.1.RELEASE/spring-jdbc-5.2.1.RELEASE.jar
7fbea000a000-7fbea000d000 r--s 00023000 08:13 7611509                    /home/carlos/.m2/repository/com/zaxxer/HikariCP/3.4.1/HikariCP-3.4.1.jar
7fbea000d000-7fbea000e000 r--s 00000000 08:13 7611507                    /home/carlos/.m2/repository/org/springframework/boot/spring-boot-starter-jdbc/2.2.1.RELEASE/spring-boot-starter-jdbc-2.2.1.RELEASE.jar
7fbea000e000-7fbea0017000 r--s 00052000 08:13 8260179                    /home/carlos/.m2/repository/org/springframework/spring-aop/5.2.1.RELEASE/spring-aop-5.2.1.RELEASE.jar
7fbea0017000-7fbea0018000 r--s 00000000 08:13 7611505                    /home/carlos/.m2/repository/org/springframework/boot/spring-boot-starter-aop/2.2.1.RELEASE/spring-boot-starter-aop-2.2.1.RELEASE.jar
7fbea0018000-7fbea0019000 r--s 00000000 08:13 7088388                    /home/carlos/.m2/repository/org/springframework/boot/spring-boot-starter-data-jpa/2.2.1.RELEASE/spring-boot-starter-data-jpa-2.2.1.RELEASE.jar
7fbea0019000-7fbea001b000 r--s 00002000 08:13 8260449                    /home/carlos/.m2/repository/org/apache/maven/surefire/surefire-logger-api/2.22.2/surefire-logger-api-2.22.2.jar
7fbea001b000-7fbea0020000 r--s 00029000 08:13 8260450                    /home/carlos/.m2/repository/org/apache/maven/surefire/surefire-api/2.22.2/surefire-api-2.22.2.jar
7fbea0020000-7fbea0024000 r--s 0003f000 08:13 8396376                    /home/carlos/.m2/repository/org/apache/maven/surefire/surefire-booter/2.22.2/surefire-booter-2.22.2.jar
7fbea0024000-7fbea0025000 r--s 00002000 08:13 8004141                    /home/carlos/Escritorio/bankvision/todo1/target/surefire/surefirebooter2391630535932415262.jar
7fbea0025000-7fbea002f000 r--s 00116000 08:13 10488806                   /usr/lib/jvm/java-8-openjdk-amd64/jre/lib/ext/localedata.jar
7fbea002f000-7fbea0034000 r--s 0003c000 08:13 10488809                   /usr/lib/jvm/java-8-openjdk-amd64/jre/lib/ext/sunjce_provider.jar
7fbea0034000-7fbea004f000 r--s 00394000 08:13 10488802                   /usr/lib/jvm/java-8-openjdk-amd64/jre/lib/ext/cldrdata.jar
7fbea004f000-7fbea006a000 r--s 001d6000 08:13 10488807                   /usr/lib/jvm/java-8-openjdk-amd64/jre/lib/ext/nashorn.jar
7fbea006a000-7fbea0670000 rw-p 00000000 00:00 0 
7fbea0670000-7fbea0840000 r--s 03c5c000 08:13 10227503                   /usr/lib/jvm/java-8-openjdk-amd64/jre/lib/rt.jar
7fbea0840000-7fbea1688000 rw-p 00000000 00:00 0 
7fbea1688000-7fbea1689000 ---p 00000000 00:00 0 
7fbea1689000-7fbea1789000 rw-p 00000000 00:00 0 
7fbea1789000-7fbea178a000 ---p 00000000 00:00 0 
7fbea178a000-7fbea188a000 rw-p 00000000 00:00 0 
7fbea188a000-7fbea188b000 ---p 00000000 00:00 0 
7fbea188b000-7fbea198b000 rw-p 00000000 00:00 0 
7fbea198b000-7fbea198c000 ---p 00000000 00:00 0 
7fbea198c000-7fbea1a8c000 rw-p 00000000 00:00 0 
7fbea1a8c000-7fbea1a8d000 ---p 00000000 00:00 0 
7fbea1a8d000-7fbea1b8d000 rw-p 00000000 00:00 0 
7fbea1b8d000-7fbea1b8e000 ---p 00000000 00:00 0 
7fbea1b8e000-7fbea1c8e000 rw-p 00000000 00:00 0 
7fbea1c8e000-7fbea1c8f000 ---p 00000000 00:00 0 
7fbea1c8f000-7fbea1d8f000 rw-p 00000000 00:00 0 
7fbea1d8f000-7fbea1d90000 ---p 00000000 00:00 0 
7fbea1d90000-7fbea1eaf000 rw-p 00000000 00:00 0 
7fbea1eaf000-7fbea2272000 ---p 00000000 00:00 0 
7fbea2272000-7fbea2291000 rw-p 00000000 00:00 0 
7fbea2291000-7fbea2653000 ---p 00000000 00:00 0 
7fbea2653000-7fbea26ba000 rw-p 00000000 00:00 0 
7fbea26ba000-7fbea2844000 ---p 00000000 00:00 0 
7fbea2844000-7fbea2869000 rw-p 00000000 00:00 0 
7fbea2869000-7fbea2c05000 ---p 00000000 00:00 0 
7fbea2c05000-7fbea2c0d000 r-xp 00000000 08:13 10226635                   /usr/lib/jvm/java-8-openjdk-amd64/jre/lib/amd64/libzip.so
7fbea2c0d000-7fbea2e0c000 ---p 00008000 08:13 10226635                   /usr/lib/jvm/java-8-openjdk-amd64/jre/lib/amd64/libzip.so
7fbea2e0c000-7fbea2e0d000 r--p 00007000 08:13 10226635                   /usr/lib/jvm/java-8-openjdk-amd64/jre/lib/amd64/libzip.so
7fbea2e0d000-7fbea2e0e000 rw-p 00008000 08:13 10226635                   /usr/lib/jvm/java-8-openjdk-amd64/jre/lib/amd64/libzip.so
7fbea2e0e000-7fbea2e19000 r-xp 00000000 08:13 8393462                    /lib/x86_64-linux-gnu/libnss_files-2.27.so
7fbea2e19000-7fbea3018000 ---p 0000b000 08:13 8393462                    /lib/x86_64-linux-gnu/libnss_files-2.27.so
7fbea3018000-7fbea3019000 r--p 0000a000 08:13 8393462                    /lib/x86_64-linux-gnu/libnss_files-2.27.so
7fbea3019000-7fbea301a000 rw-p 0000b000 08:13 8393462                    /lib/x86_64-linux-gnu/libnss_files-2.27.so
7fbea301a000-7fbea3020000 rw-p 00000000 00:00 0 
7fbea3020000-7fbea3037000 r-xp 00000000 08:13 8393456                    /lib/x86_64-linux-gnu/libnsl-2.27.so
7fbea3037000-7fbea3236000 ---p 00017000 08:13 8393456                    /lib/x86_64-linux-gnu/libnsl-2.27.so
7fbea3236000-7fbea3237000 r--p 00016000 08:13 8393456                    /lib/x86_64-linux-gnu/libnsl-2.27.so
7fbea3237000-7fbea3238000 rw-p 00017000 08:13 8393456                    /lib/x86_64-linux-gnu/libnsl-2.27.so
7fbea3238000-7fbea323a000 rw-p 00000000 00:00 0 
7fbea323a000-7fbea3245000 r-xp 00000000 08:13 8393473                    /lib/x86_64-linux-gnu/libnss_nis-2.27.so
7fbea3245000-7fbea3444000 ---p 0000b000 08:13 8393473                    /lib/x86_64-linux-gnu/libnss_nis-2.27.so
7fbea3444000-7fbea3445000 r--p 0000a000 08:13 8393473                    /lib/x86_64-linux-gnu/libnss_nis-2.27.so
7fbea3445000-7fbea3446000 rw-p 0000b000 08:13 8393473                    /lib/x86_64-linux-gnu/libnss_nis-2.27.so
7fbea3446000-7fbea344e000 r-xp 00000000 08:13 8393458                    /lib/x86_64-linux-gnu/libnss_compat-2.27.so
7fbea344e000-7fbea364e000 ---p 00008000 08:13 8393458                    /lib/x86_64-linux-gnu/libnss_compat-2.27.so
7fbea364e000-7fbea364f000 r--p 00008000 08:13 8393458                    /lib/x86_64-linux-gnu/libnss_compat-2.27.so
7fbea364f000-7fbea3650000 rw-p 00009000 08:13 8393458                    /lib/x86_64-linux-gnu/libnss_compat-2.27.so
7fbea3650000-7fbea367a000 r-xp 00000000 08:13 10225756                   /usr/lib/jvm/java-8-openjdk-amd64/jre/lib/amd64/libjava.so
7fbea367a000-7fbea3879000 ---p 0002a000 08:13 10225756                   /usr/lib/jvm/java-8-openjdk-amd64/jre/lib/amd64/libjava.so
7fbea3879000-7fbea387a000 r--p 00029000 08:13 10225756                   /usr/lib/jvm/java-8-openjdk-amd64/jre/lib/amd64/libjava.so
7fbea387a000-7fbea387c000 rw-p 0002a000 08:13 10225756                   /usr/lib/jvm/java-8-openjdk-amd64/jre/lib/amd64/libjava.so
7fbea387c000-7fbea388c000 r-xp 00000000 08:13 10226631                   /usr/lib/jvm/java-8-openjdk-amd64/jre/lib/amd64/libverify.so
7fbea388c000-7fbea3a8b000 ---p 00010000 08:13 10226631                   /usr/lib/jvm/java-8-openjdk-amd64/jre/lib/amd64/libverify.so
7fbea3a8b000-7fbea3a8d000 r--p 0000f000 08:13 10226631                   /usr/lib/jvm/java-8-openjdk-amd64/jre/lib/amd64/libverify.so
7fbea3a8d000-7fbea3a8e000 rw-p 00011000 08:13 10226631                   /usr/lib/jvm/java-8-openjdk-amd64/jre/lib/amd64/libverify.so
7fbea3a8e000-7fbea3a95000 r-xp 00000000 08:13 8393513                    /lib/x86_64-linux-gnu/librt-2.27.so
7fbea3a95000-7fbea3c94000 ---p 00007000 08:13 8393513                    /lib/x86_64-linux-gnu/librt-2.27.so
7fbea3c94000-7fbea3c95000 r--p 00006000 08:13 8393513                    /lib/x86_64-linux-gnu/librt-2.27.so
7fbea3c95000-7fbea3c96000 rw-p 00007000 08:13 8393513                    /lib/x86_64-linux-gnu/librt-2.27.so
7fbea3c96000-7fbea3cad000 r-xp 00000000 08:13 8393287                    /lib/x86_64-linux-gnu/libgcc_s.so.1
7fbea3cad000-7fbea3eac000 ---p 00017000 08:13 8393287                    /lib/x86_64-linux-gnu/libgcc_s.so.1
7fbea3eac000-7fbea3ead000 r--p 00016000 08:13 8393287                    /lib/x86_64-linux-gnu/libgcc_s.so.1
7fbea3ead000-7fbea3eae000 rw-p 00017000 08:13 8393287                    /lib/x86_64-linux-gnu/libgcc_s.so.1
7fbea3eae000-7fbea404b000 r-xp 00000000 08:13 8393435                    /lib/x86_64-linux-gnu/libm-2.27.so
7fbea404b000-7fbea424a000 ---p 0019d000 08:13 8393435                    /lib/x86_64-linux-gnu/libm-2.27.so
7fbea424a000-7fbea424b000 r--p 0019c000 08:13 8393435                    /lib/x86_64-linux-gnu/libm-2.27.so
7fbea424b000-7fbea424c000 rw-p 0019d000 08:13 8393435                    /lib/x86_64-linux-gnu/libm-2.27.so
7fbea424c000-7fbea43c5000 r-xp 00000000 08:13 9963564                    /usr/lib/x86_64-linux-gnu/libstdc++.so.6.0.25
7fbea43c5000-7fbea45c5000 ---p 00179000 08:13 9963564                    /usr/lib/x86_64-linux-gnu/libstdc++.so.6.0.25
7fbea45c5000-7fbea45cf000 r--p 00179000 08:13 9963564                    /usr/lib/x86_64-linux-gnu/libstdc++.so.6.0.25
7fbea45cf000-7fbea45d1000 rw-p 00183000 08:13 9963564                    /usr/lib/x86_64-linux-gnu/libstdc++.so.6.0.25
7fbea45d1000-7fbea45d5000 rw-p 00000000 00:00 0 
7fbea45d5000-7fbea5274000 r-xp 00000000 08:13 10357516                   /usr/lib/jvm/java-8-openjdk-amd64/jre/lib/amd64/server/libjvm.so
7fbea5274000-7fbea5474000 ---p 00c9f000 08:13 10357516                   /usr/lib/jvm/java-8-openjdk-amd64/jre/lib/amd64/server/libjvm.so
7fbea5474000-7fbea5508000 r--p 00c9f000 08:13 10357516                   /usr/lib/jvm/java-8-openjdk-amd64/jre/lib/amd64/server/libjvm.so
7fbea5508000-7fbea5531000 rw-p 00d33000 08:13 10357516                   /usr/lib/jvm/java-8-openjdk-amd64/jre/lib/amd64/server/libjvm.so
7fbea5531000-7fbea5561000 rw-p 00000000 00:00 0 
7fbea5561000-7fbea557b000 r-xp 00000000 08:13 8393505                    /lib/x86_64-linux-gnu/libpthread-2.27.so
7fbea557b000-7fbea577a000 ---p 0001a000 08:13 8393505                    /lib/x86_64-linux-gnu/libpthread-2.27.so
7fbea577a000-7fbea577b000 r--p 00019000 08:13 8393505                    /lib/x86_64-linux-gnu/libpthread-2.27.so
7fbea577b000-7fbea577c000 rw-p 0001a000 08:13 8393505                    /lib/x86_64-linux-gnu/libpthread-2.27.so
7fbea577c000-7fbea5780000 rw-p 00000000 00:00 0 
7fbea5780000-7fbea5783000 r-xp 00000000 08:13 8393395                    /lib/x86_64-linux-gnu/libdl-2.27.so
7fbea5783000-7fbea5982000 ---p 00003000 08:13 8393395                    /lib/x86_64-linux-gnu/libdl-2.27.so
7fbea5982000-7fbea5983000 r--p 00002000 08:13 8393395                    /lib/x86_64-linux-gnu/libdl-2.27.so
7fbea5983000-7fbea5984000 rw-p 00003000 08:13 8393395                    /lib/x86_64-linux-gnu/libdl-2.27.so
7fbea5984000-7fbea59a0000 r-xp 00000000 08:13 8393544                    /lib/x86_64-linux-gnu/libz.so.1.2.11
7fbea59a0000-7fbea5b9f000 ---p 0001c000 08:13 8393544                    /lib/x86_64-linux-gnu/libz.so.1.2.11
7fbea5b9f000-7fbea5ba0000 r--p 0001b000 08:13 8393544                    /lib/x86_64-linux-gnu/libz.so.1.2.11
7fbea5ba0000-7fbea5ba1000 rw-p 0001c000 08:13 8393544                    /lib/x86_64-linux-gnu/libz.so.1.2.11
7fbea5ba1000-7fbea5d88000 r-xp 00000000 08:13 8393372                    /lib/x86_64-linux-gnu/libc-2.27.so
7fbea5d88000-7fbea5f88000 ---p 001e7000 08:13 8393372                    /lib/x86_64-linux-gnu/libc-2.27.so
7fbea5f88000-7fbea5f8c000 r--p 001e7000 08:13 8393372                    /lib/x86_64-linux-gnu/libc-2.27.so
7fbea5f8c000-7fbea5f8e000 rw-p 001eb000 08:13 8393372                    /lib/x86_64-linux-gnu/libc-2.27.so
7fbea5f8e000-7fbea5f92000 rw-p 00000000 00:00 0 
7fbea5f92000-7fbea5fa0000 r-xp 00000000 08:13 10225573                   /usr/lib/jvm/java-8-openjdk-amd64/jre/lib/amd64/jli/libjli.so
7fbea5fa0000-7fbea619f000 ---p 0000e000 08:13 10225573                   /usr/lib/jvm/java-8-openjdk-amd64/jre/lib/amd64/jli/libjli.so
7fbea619f000-7fbea61a0000 r--p 0000d000 08:13 10225573                   /usr/lib/jvm/java-8-openjdk-amd64/jre/lib/amd64/jli/libjli.so
7fbea61a0000-7fbea61a1000 rw-p 0000e000 08:13 10225573                   /usr/lib/jvm/java-8-openjdk-amd64/jre/lib/amd64/jli/libjli.so
7fbea61a1000-7fbea61c8000 r-xp 00000000 08:13 8393344                    /lib/x86_64-linux-gnu/ld-2.27.so
7fbea61c8000-7fbea61cb000 r--s 00039000 08:13 10488810                   /usr/lib/jvm/java-8-openjdk-amd64/jre/lib/ext/sunpkcs11.jar
7fbea61cb000-7fbea62af000 rw-p 00000000 00:00 0 
7fbea62af000-7fbea62b0000 ---p 00000000 00:00 0 
7fbea62b0000-7fbea62b3000 ---p 00000000 00:00 0 
7fbea62b3000-7fbea63b2000 rw-p 00000000 00:00 0 
7fbea63b2000-7fbea63b3000 r--s 0000a000 08:13 10488805                   /usr/lib/jvm/java-8-openjdk-amd64/jre/lib/ext/jaccess.jar
7fbea63b3000-7fbea63b5000 r--s 00001000 08:13 10488803                   /usr/lib/jvm/java-8-openjdk-amd64/jre/lib/ext/dnsns.jar
7fbea63b5000-7fbea63b6000 r--s 00010000 08:13 10488811                   /usr/lib/jvm/java-8-openjdk-amd64/jre/lib/ext/zipfs.jar
7fbea63b6000-7fbea63b7000 r--s 0000d000 08:13 10488808                   /usr/lib/jvm/java-8-openjdk-amd64/jre/lib/ext/sunec.jar
7fbea63b7000-7fbea63ba000 r--s 0000f000 08:13 10488804                   /usr/lib/jvm/java-8-openjdk-amd64/jre/lib/ext/icedtea-sound.jar
7fbea63ba000-7fbea63bc000 r--s 00007000 08:13 10357518                   /usr/share/java/java-atk-wrapper.jar
7fbea63bc000-7fbea63c4000 rw-s 00000000 08:13 2626245                    /tmp/hsperfdata_carlos/31425
7fbea63c4000-7fbea63c5000 rw-p 00000000 00:00 0 
7fbea63c5000-7fbea63c6000 ---p 00000000 00:00 0 
7fbea63c6000-7fbea63c8000 rw-p 00000000 00:00 0 
7fbea63c8000-7fbea63c9000 r--p 00027000 08:13 8393344                    /lib/x86_64-linux-gnu/ld-2.27.so
7fbea63c9000-7fbea63ca000 rw-p 00028000 08:13 8393344                    /lib/x86_64-linux-gnu/ld-2.27.so
7fbea63ca000-7fbea63cb000 rw-p 00000000 00:00 0 
7ffe0dad6000-7ffe0daf7000 rw-p 00000000 00:00 0                          [stack]
7ffe0dbb2000-7ffe0dbb5000 r--p 00000000 00:00 0                          [vvar]
7ffe0dbb5000-7ffe0dbb7000 r-xp 00000000 00:00 0                          [vdso]
ffffffffff600000-ffffffffff601000 r-xp 00000000 00:00 0                  [vsyscall]

VM Arguments:
java_command: /home/carlos/Escritorio/bankvision/todo1/target/surefire/surefirebooter2391630535932415262.jar /home/carlos/Escritorio/bankvision/todo1/target/surefire 2019-11-23T19-44-03_474-jvmRun1 surefire6847137360697692053tmp surefire_08840778045077949305tmp
java_class_path (initial): /home/carlos/Escritorio/bankvision/todo1/target/surefire/surefirebooter2391630535932415262.jar
Launcher Type: SUN_STANDARD

Environment Variables:
PATH=/usr/local/sbin:/usr/local/bin:/usr/sbin:/usr/bin:/sbin:/bin:/usr/games:/usr/local/games:/snap/bin
USERNAME=carlos
SHELL=/bin/bash
DISPLAY=:0

Signal Handlers:
SIGSEGV: [libjvm.so+0xab92f0], sa_mask[0]=11111111011111111101111111111110, sa_flags=SA_RESTART|SA_SIGINFO
SIGBUS: [libjvm.so+0xab92f0], sa_mask[0]=11111111011111111101111111111110, sa_flags=SA_RESTART|SA_SIGINFO
SIGFPE: [libjvm.so+0x8ee560], sa_mask[0]=11111111011111111101111111111110, sa_flags=SA_RESTART|SA_SIGINFO
SIGPIPE: [libjvm.so+0x8ee560], sa_mask[0]=11111111011111111101111111111110, sa_flags=SA_RESTART|SA_SIGINFO
SIGXFSZ: [libjvm.so+0x8ee560], sa_mask[0]=11111111011111111101111111111110, sa_flags=SA_RESTART|SA_SIGINFO
SIGILL: [libjvm.so+0x8ee560], sa_mask[0]=11111111011111111101111111111110, sa_flags=SA_RESTART|SA_SIGINFO
SIGUSR1: SIG_DFL, sa_mask[0]=00000000000000000000000000000000, sa_flags=none
SIGUSR2: [libjvm.so+0x8ee410], sa_mask[0]=00100000000000000000000000000000, sa_flags=SA_RESTART|SA_SIGINFO
SIGHUP: [libjvm.so+0x8eea80], sa_mask[0]=11111111011111111101111111111110, sa_flags=SA_RESTART|SA_SIGINFO
SIGINT: [libjvm.so+0x8eea80], sa_mask[0]=11111111011111111101111111111110, sa_flags=SA_RESTART|SA_SIGINFO
SIGTERM: [libjvm.so+0x8eea80], sa_mask[0]=11111111011111111101111111111110, sa_flags=SA_RESTART|SA_SIGINFO
SIGQUIT: [libjvm.so+0x8eea80], sa_mask[0]=11111111011111111101111111111110, sa_flags=SA_RESTART|SA_SIGINFO


---------------  S Y S T E M  ---------------

OS:DISTRIB_ID=Ubuntu
DISTRIB_RELEASE=18.04
DISTRIB_CODENAME=bionic
DISTRIB_DESCRIPTION="Ubuntu 18.04.3 LTS"

uname:Linux 4.15.0-70-generic #79-Ubuntu SMP Tue Nov 12 10:36:11 UTC 2019 x86_64
libc:glibc 2.27 NPTL 2.27 
rlimit: STACK 8192k, CORE 0k, NPROC 47258, NOFILE 4096, AS infinity
load average:38,59 12,74 5,34

/proc/meminfo:
MemTotal:       12203540 kB
MemFree:          122616 kB
MemAvailable:      24720 kB
Buffers:            1336 kB
Cached:           559988 kB
SwapCached:         2000 kB
Active:         10480292 kB
Inactive:        1070472 kB
Active(anon):   10460504 kB
Inactive(anon):  1046288 kB
Active(file):      19788 kB
Inactive(file):    24184 kB
Unevictable:         132 kB
Mlocked:             132 kB
SwapTotal:       2097148 kB
SwapFree:              0 kB
Dirty:               132 kB
Writeback:            20 kB
AnonPages:      10988000 kB
Mapped:           287516 kB
Shmem:            517072 kB
Slab:             177780 kB
SReclaimable:      72336 kB
SUnreclaim:       105444 kB
KernelStack:       34880 kB
PageTables:       162056 kB
NFS_Unstable:          0 kB
Bounce:                0 kB
WritebackTmp:          0 kB
CommitLimit:     8198916 kB
Committed_AS:   31991968 kB
VmallocTotal:   34359738367 kB
VmallocUsed:           0 kB
VmallocChunk:          0 kB
HardwareCorrupted:     0 kB
AnonHugePages:         0 kB
ShmemHugePages:        0 kB
ShmemPmdMapped:        0 kB
CmaTotal:              0 kB
CmaFree:               0 kB
HugePages_Total:       0
HugePages_Free:        0
HugePages_Rsvd:        0
HugePages_Surp:        0
Hugepagesize:       2048 kB
DirectMap4k:      433780 kB
DirectMap2M:    11008000 kB
DirectMap1G:     1048576 kB

container (cgroup) information:
container_type: cgroupv1
cpu_cpuset_cpus: 0-7
cpu_memory_nodes: 0
active_processor_count: 8
cpu_quota: -1
cpu_period: 100000
cpu_shares: -1
memory_limit_in_bytes: -1
memory_and_swap_limit_in_bytes: -2
memory_soft_limit_in_bytes: -1
memory_usage_in_bytes: 11825709056
memory_max_usage_in_bytes: 0


CPU:total 8 (initial active 8) (4 cores per cpu, 2 threads per core) family 6 model 142 stepping 10, cmov, cx8, fxsr, mmx, sse, sse2, sse3, ssse3, sse4.1, sse4.2, popcnt, avx, avx2, aes, clmul, erms, 3dnowpref, lzcnt, ht, tsc, tscinvbit, bmi1, bmi2, adx

/proc/cpuinfo:
processor	: 0
vendor_id	: GenuineIntel
cpu family	: 6
model		: 142
model name	: Intel(R) Core(TM) i7-8550U CPU @ 1.80GHz
stepping	: 10
microcode	: 0xca
cpu MHz		: 2400.003
cache size	: 8192 KB
physical id	: 0
siblings	: 8
core id		: 0
cpu cores	: 4
apicid		: 0
initial apicid	: 0
fpu		: yes
fpu_exception	: yes
cpuid level	: 22
wp		: yes
flags		: fpu vme de pse tsc msr pae mce cx8 apic sep mtrr pge mca cmov pat pse36 clflush dts acpi mmx fxsr sse sse2 ss ht tm pbe syscall nx pdpe1gb rdtscp lm constant_tsc art arch_perfmon pebs bts rep_good nopl xtopology nonstop_tsc cpuid aperfmperf tsc_known_freq pni pclmulqdq dtes64 monitor ds_cpl vmx est tm2 ssse3 sdbg fma cx16 xtpr pdcm pcid sse4_1 sse4_2 x2apic movbe popcnt tsc_deadline_timer aes xsave avx f16c rdrand lahf_lm abm 3dnowprefetch cpuid_fault epb invpcid_single pti ssbd ibrs ibpb stibp tpr_shadow vnmi flexpriority ept vpid fsgsbase tsc_adjust bmi1 avx2 smep bmi2 erms invpcid mpx rdseed adx smap clflushopt intel_pt xsaveopt xsavec xgetbv1 xsaves dtherm ida arat pln pts hwp hwp_notify hwp_act_window hwp_epp md_clear flush_l1d
bugs		: cpu_meltdown spectre_v1 spectre_v2 spec_store_bypass l1tf mds swapgs itlb_multihit
bogomips	: 3984.00
clflush size	: 64
cache_alignment	: 64
address sizes	: 39 bits physical, 48 bits virtual
power management:

processor	: 1
vendor_id	: GenuineIntel
cpu family	: 6
model		: 142
model name	: Intel(R) Core(TM) i7-8550U CPU @ 1.80GHz
stepping	: 10
microcode	: 0xca
cpu MHz		: 2400.001
cache size	: 8192 KB
physical id	: 0
siblings	: 8
core id		: 1
cpu cores	: 4
apicid		: 2
initial apicid	: 2
fpu		: yes
fpu_exception	: yes
cpuid level	: 22
wp		: yes
flags		: fpu vme de pse tsc msr pae mce cx8 apic sep mtrr pge mca cmov pat pse36 clflush dts acpi mmx fxsr sse sse2 ss ht tm pbe syscall nx pdpe1gb rdtscp lm constant_tsc art arch_perfmon pebs bts rep_good nopl xtopology nonstop_tsc cpuid aperfmperf tsc_known_freq pni pclmulqdq dtes64 monitor ds_cpl vmx est tm2 ssse3 sdbg fma cx16 xtpr pdcm pcid sse4_1 sse4_2 x2apic movbe popcnt tsc_deadline_timer aes xsave avx f16c rdrand lahf_lm abm 3dnowprefetch cpuid_fault epb invpcid_single pti ssbd ibrs ibpb stibp tpr_shadow vnmi flexpriority ept vpid fsgsbase tsc_adjust bmi1 avx2 smep bmi2 erms invpcid mpx rdseed adx smap clflushopt intel_pt xsaveopt xsavec xgetbv1 xsaves dtherm ida arat pln pts hwp hwp_notify hwp_act_window hwp_epp md_clear flush_l1d
bugs		: cpu_meltdown spectre_v1 spectre_v2 spec_store_bypass l1tf mds swapgs itlb_multihit
bogomips	: 3984.00
clflush size	: 64
cache_alignment	: 64
address sizes	: 39 bits physical, 48 bits virtual
power management:

processor	: 2
vendor_id	: GenuineIntel
cpu family	: 6
model		: 142
model name	: Intel(R) Core(TM) i7-8550U CPU @ 1.80GHz
stepping	: 10
microcode	: 0xca
cpu MHz		: 2400.008
cache size	: 8192 KB
physical id	: 0
siblings	: 8
core id		: 2
cpu cores	: 4
apicid		: 4
initial apicid	: 4
fpu		: yes
fpu_exception	: yes
cpuid level	: 22
wp		: yes
flags		: fpu vme de pse tsc msr pae mce cx8 apic sep mtrr pge mca cmov pat pse36 clflush dts acpi mmx fxsr sse sse2 ss ht tm pbe syscall nx pdpe1gb rdtscp lm constant_tsc art arch_perfmon pebs bts rep_good nopl xtopology nonstop_tsc cpuid aperfmperf tsc_known_freq pni pclmulqdq dtes64 monitor ds_cpl vmx est tm2 ssse3 sdbg fma cx16 xtpr pdcm pcid sse4_1 sse4_2 x2apic movbe popcnt tsc_deadline_timer aes xsave avx f16c rdrand lahf_lm abm 3dnowprefetch cpuid_fault epb invpcid_single pti ssbd ibrs ibpb stibp tpr_shadow vnmi flexpriority ept vpid fsgsbase tsc_adjust bmi1 avx2 smep bmi2 erms invpcid mpx rdseed adx smap clflushopt intel_pt xsaveopt xsavec xgetbv1 xsaves dtherm ida arat pln pts hwp hwp_notify hwp_act_window hwp_epp md_clear flush_l1d
bugs		: cpu_meltdown spectre_v1 spectre_v2 spec_store_bypass l1tf mds swapgs itlb_multihit
bogomips	: 3984.00
clflush size	: 64
cache_alignment	: 64
address sizes	: 39 bits physical, 48 bits virtual
power management:

processor	: 3
vendor_id	: GenuineIntel
cpu family	: 6
model		: 142
model name	: Intel(R) Core(TM) i7-8550U CPU @ 1.80GHz
stepping	: 10
microcode	: 0xca
cpu MHz		: 2400.003
cache size	: 8192 KB
physical id	: 0
siblings	: 8
core id		: 3
cpu cores	: 4
apicid		: 6
initial apicid	: 6
fpu		: yes
fpu_exception	: yes
cpuid level	: 22
wp		: yes
flags		: fpu vme de pse tsc msr pae mce cx8 apic sep mtrr pge mca cmov pat pse36 clflush dts acpi mmx fxsr sse sse2 ss ht tm pbe syscall nx pdpe1gb rdtscp lm constant_tsc art arch_perfmon pebs bts rep_good nopl xtopology nonstop_tsc cpuid aperfmperf tsc_known_freq pni pclmulqdq dtes64 monitor ds_cpl vmx est tm2 ssse3 sdbg fma cx16 xtpr pdcm pcid sse4_1 sse4_2 x2apic movbe popcnt tsc_deadline_timer aes xsave avx f16c rdrand lahf_lm abm 3dnowprefetch cpuid_fault epb invpcid_single pti ssbd ibrs ibpb stibp tpr_shadow vnmi flexpriority ept vpid fsgsbase tsc_adjust bmi1 avx2 smep bmi2 erms invpcid mpx rdseed adx smap clflushopt intel_pt xsaveopt xsavec xgetbv1 xsaves dtherm ida arat pln pts hwp hwp_notify hwp_act_window hwp_epp md_clear flush_l1d
bugs		: cpu_meltdown spectre_v1 spectre_v2 spec_store_bypass l1tf mds swapgs itlb_multihit
bogomips	: 3984.00
clflush size	: 64
cache_alignment	: 64
address sizes	: 39 bits physical, 48 bits virtual
power management:

processor	: 4
vendor_id	: GenuineIntel
cpu family	: 6
model		: 142
model name	: Intel(R) Core(TM) i7-8550U CPU @ 1.80GHz
stepping	: 10
microcode	: 0xca
cpu MHz		: 2400.003
cache size	: 8192 KB
physical id	: 0
siblings	: 8
core id		: 0
cpu cores	: 4
apicid		: 1
initial apicid	: 1
fpu		: yes
fpu_exception	: yes
cpuid level	: 22
wp		: yes
flags		: fpu vme de pse tsc msr pae mce cx8 apic sep mtrr pge mca cmov pat pse36 clflush dts acpi mmx fxsr sse sse2 ss ht tm pbe syscall nx pdpe1gb rdtscp lm constant_tsc art arch_perfmon pebs bts rep_good nopl xtopology nonstop_tsc cpuid aperfmperf tsc_known_freq pni pclmulqdq dtes64 monitor ds_cpl vmx est tm2 ssse3 sdbg fma cx16 xtpr pdcm pcid sse4_1 sse4_2 x2apic movbe popcnt tsc_deadline_timer aes xsave avx f16c rdrand lahf_lm abm 3dnowprefetch cpuid_fault epb invpcid_single pti ssbd ibrs ibpb stibp tpr_shadow vnmi flexpriority ept vpid fsgsbase tsc_adjust bmi1 avx2 smep bmi2 erms invpcid mpx rdseed adx smap clflushopt intel_pt xsaveopt xsavec xgetbv1 xsaves dtherm ida arat pln pts hwp hwp_notify hwp_act_window hwp_epp md_clear flush_l1d
bugs		: cpu_meltdown spectre_v1 spectre_v2 spec_store_bypass l1tf mds swapgs itlb_multihit
bogomips	: 3984.00
clflush size	: 64
cache_alignment	: 64
address sizes	: 39 bits physical, 48 bits virtual
power management:

processor	: 5
vendor_id	: GenuineIntel
cpu family	: 6
model		: 142
model name	: Intel(R) Core(TM) i7-8550U CPU @ 1.80GHz
stepping	: 10
microcode	: 0xca
cpu MHz		: 2400.010
cache size	: 8192 KB
physical id	: 0
siblings	: 8
core id		: 1
cpu cores	: 4
apicid		: 3
initial apicid	: 3
fpu		: yes
fpu_exception	: yes
cpuid level	: 22
wp		: yes
flags		: fpu vme de pse tsc msr pae mce cx8 apic sep mtrr pge mca cmov pat pse36 clflush dts acpi mmx fxsr sse sse2 ss ht tm pbe syscall nx pdpe1gb rdtscp lm constant_tsc art arch_perfmon pebs bts rep_good nopl xtopology nonstop_tsc cpuid aperfmperf tsc_known_freq pni pclmulqdq dtes64 monitor ds_cpl vmx est tm2 ssse3 sdbg fma cx16 xtpr pdcm pcid sse4_1 sse4_2 x2apic movbe popcnt tsc_deadline_timer aes xsave avx f16c rdrand lahf_lm abm 3dnowprefetch cpuid_fault epb invpcid_single pti ssbd ibrs ibpb stibp tpr_shadow vnmi flexpriority ept vpid fsgsbase tsc_adjust bmi1 avx2 smep bmi2 erms invpcid mpx rdseed adx smap clflushopt intel_pt xsaveopt xsavec xgetbv1 xsaves dtherm ida arat pln pts hwp hwp_notify hwp_act_window hwp_epp md_clear flush_l1d
bugs		: cpu_meltdown spectre_v1 spectre_v2 spec_store_bypass l1tf mds swapgs itlb_multihit
bogomips	: 3984.00
clflush size	: 64
cache_alignment	: 64
address sizes	: 39 bits physical, 48 bits virtual
power management:

processor	: 6
vendor_id	: GenuineIntel
cpu family	: 6
model		: 142
model name	: Intel(R) Core(TM) i7-8550U CPU @ 1.80GHz
stepping	: 10
microcode	: 0xca
cpu MHz		: 2400.010
cache size	: 8192 KB
physical id	: 0
siblings	: 8
core id		: 2
cpu cores	: 4
apicid		: 5
initial apicid	: 5
fpu		: yes
fpu_exception	: yes
cpuid level	: 22
wp		: yes
flags		: fpu vme de pse tsc msr pae mce cx8 apic sep mtrr pge mca cmov pat pse36 clflush dts acpi mmx fxsr sse sse2 ss ht tm pbe syscall nx pdpe1gb rdtscp lm constant_tsc art arch_perfmon pebs bts rep_good nopl xtopology nonstop_tsc cpuid aperfmperf tsc_known_freq pni pclmulqdq dtes64 monitor ds_cpl vmx est tm2 ssse3 sdbg fma cx16 xtpr pdcm pcid sse4_1 sse4_2 x2apic movbe popcnt tsc_deadline_timer aes xsave avx f16c rdrand lahf_lm abm 3dnowprefetch cpuid_fault epb invpcid_single pti ssbd ibrs ibpb stibp tpr_shadow vnmi flexpriority ept vpid fsgsbase tsc_adjust bmi1 avx2 smep bmi2 erms invpcid mpx rdseed adx smap clflushopt intel_pt xsaveopt xsavec xgetbv1 xsaves dtherm ida arat pln pts hwp hwp_notify hwp_act_window hwp_epp md_clear flush_l1d
bugs		: cpu_meltdown spectre_v1 spectre_v2 spec_store_bypass l1tf mds swapgs itlb_multihit
bogomips	: 3984.00
clflush size	: 64
cache_alignment	: 64
address sizes	: 39 bits physical, 48 bits virtual
power management:

processor	: 7
vendor_id	: GenuineIntel
cpu family	: 6
model		: 142
model name	: Intel(R) Core(TM) i7-8550U CPU @ 1.80GHz
stepping	: 10
microcode	: 0xca
cpu MHz		: 2399.996
cache size	: 8192 KB
physical id	: 0
siblings	: 8
core id		: 3
cpu cores	: 4
apicid		: 7
initial apicid	: 7
fpu		: yes
fpu_exception	: yes
cpuid level	: 22
wp		: yes
flags		: fpu vme de pse tsc msr pae mce cx8 apic sep mtrr pge mca cmov pat pse36 clflush dts acpi mmx fxsr sse sse2 ss ht tm pbe syscall nx pdpe1gb rdtscp lm constant_tsc art arch_perfmon pebs bts rep_good nopl xtopology nonstop_tsc cpuid aperfmperf tsc_known_freq pni pclmulqdq dtes64 monitor ds_cpl vmx est tm2 ssse3 sdbg fma cx16 xtpr pdcm pcid sse4_1 sse4_2 x2apic movbe popcnt tsc_deadline_timer aes xsave avx f16c rdrand lahf_lm abm 3dnowprefetch cpuid_fault epb invpcid_single pti ssbd ibrs ibpb stibp tpr_shadow vnmi flexpriority ept vpid fsgsbase tsc_adjust bmi1 avx2 smep bmi2 erms invpcid mpx rdseed adx smap clflushopt intel_pt xsaveopt xsavec xgetbv1 xsaves dtherm ida arat pln pts hwp hwp_notify hwp_act_window hwp_epp md_clear flush_l1d
bugs		: cpu_meltdown spectre_v1 spectre_v2 spec_store_bypass l1tf mds swapgs itlb_multihit
bogomips	: 3984.00
clflush size	: 64
cache_alignment	: 64
address sizes	: 39 bits physical, 48 bits virtual
power management:



Memory: 4k page, physical 12203540k(122508k free), swap 2097148k(0k free)

vm_info: OpenJDK 64-Bit Server VM (25.222-b10) for linux-amd64 JRE (1.8.0_222-8u222-b10-1ubuntu1~18.04.1-b10), built on Jul 18 2019 18:52:48 by "buildd" with gcc 7.4.0

time: Sat Nov 23 19:44:33 2019
timezone: -05
elapsed time: 29 seconds (0d 0h 0m 29s)

